07-Dec-2017 07:52:22.460 INFO [main] org.apache.catalina.core.StandardServer.await A valid shutdown command was received via the shutdown port. Stopping the Server instance.
07-Dec-2017 07:52:22.472 INFO [main] org.apache.coyote.AbstractProtocol.pause Pausing ProtocolHandler ["http-nio-2831"]
07-Dec-2017 07:52:22.485 INFO [main] org.apache.coyote.AbstractProtocol.pause Pausing ProtocolHandler ["ajp-nio-8009"]
07-Dec-2017 07:52:22.492 INFO [main] org.apache.catalina.core.StandardService.stopInternal Stopping service [Catalina]
07-Dec-2017 07:52:22.628 INFO [main] org.apache.coyote.AbstractProtocol.stop Stopping ProtocolHandler ["http-nio-2831"]
07-Dec-2017 07:52:22.637 INFO [main] org.apache.coyote.AbstractProtocol.stop Stopping ProtocolHandler ["ajp-nio-8009"]
07-Dec-2017 07:52:22.647 INFO [main] org.apache.coyote.AbstractProtocol.destroy Destroying ProtocolHandler ["http-nio-2831"]
07-Dec-2017 07:52:22.651 INFO [main] org.apache.coyote.AbstractProtocol.destroy Destroying ProtocolHandler ["ajp-nio-8009"]
07-Dec-2017 07:52:27.453 INFO [main] org.apache.catalina.startup.VersionLoggerListener.log Server version:        Apache Tomcat/8.5.24
07-Dec-2017 07:52:27.466 INFO [main] org.apache.catalina.startup.VersionLoggerListener.log Server built:          Nov 27 2017 13:05:30 UTC
07-Dec-2017 07:52:27.466 INFO [main] org.apache.catalina.startup.VersionLoggerListener.log Server number:         8.5.24.0
07-Dec-2017 07:52:27.467 INFO [main] org.apache.catalina.startup.VersionLoggerListener.log OS Name:               Linux
07-Dec-2017 07:52:27.467 INFO [main] org.apache.catalina.startup.VersionLoggerListener.log OS Version:            4.4.0-31-generic
07-Dec-2017 07:52:27.467 INFO [main] org.apache.catalina.startup.VersionLoggerListener.log Architecture:          amd64
07-Dec-2017 07:52:27.467 INFO [main] org.apache.catalina.startup.VersionLoggerListener.log Java Home:             /usr/lib/jvm/java-7-openjdk-amd64/jre
07-Dec-2017 07:52:27.468 INFO [main] org.apache.catalina.startup.VersionLoggerListener.log JVM Version:           1.7.0_151-b01
07-Dec-2017 07:52:27.470 INFO [main] org.apache.catalina.startup.VersionLoggerListener.log JVM Vendor:            Oracle Corporation
07-Dec-2017 07:52:27.470 INFO [main] org.apache.catalina.startup.VersionLoggerListener.log CATALINA_BASE:         /var/www/html/ms/webservice/apache-tomcat-8.5.24
07-Dec-2017 07:52:27.470 INFO [main] org.apache.catalina.startup.VersionLoggerListener.log CATALINA_HOME:         /var/www/html/ms/webservice/apache-tomcat-8.5.24
07-Dec-2017 07:52:27.471 INFO [main] org.apache.catalina.startup.VersionLoggerListener.log Command line argument: -Djava.util.logging.config.file=/var/www/html/ms/webservice/apache-tomcat-8.5.24/conf/logging.properties
07-Dec-2017 07:52:27.472 INFO [main] org.apache.catalina.startup.VersionLoggerListener.log Command line argument: -Djava.util.logging.manager=org.apache.juli.ClassLoaderLogManager
07-Dec-2017 07:52:27.472 INFO [main] org.apache.catalina.startup.VersionLoggerListener.log Command line argument: -Djdk.tls.ephemeralDHKeySize=2048
07-Dec-2017 07:52:27.472 INFO [main] org.apache.catalina.startup.VersionLoggerListener.log Command line argument: -Djava.protocol.handler.pkgs=org.apache.catalina.webresources
07-Dec-2017 07:52:27.472 INFO [main] org.apache.catalina.startup.VersionLoggerListener.log Command line argument: -Dignore.endorsed.dirs=
07-Dec-2017 07:52:27.473 INFO [main] org.apache.catalina.startup.VersionLoggerListener.log Command line argument: -Dcatalina.base=/var/www/html/ms/webservice/apache-tomcat-8.5.24
07-Dec-2017 07:52:27.473 INFO [main] org.apache.catalina.startup.VersionLoggerListener.log Command line argument: -Dcatalina.home=/var/www/html/ms/webservice/apache-tomcat-8.5.24
07-Dec-2017 07:52:27.473 INFO [main] org.apache.catalina.startup.VersionLoggerListener.log Command line argument: -Djava.io.tmpdir=/var/www/html/ms/webservice/apache-tomcat-8.5.24/temp
07-Dec-2017 07:52:27.474 INFO [main] org.apache.catalina.core.AprLifecycleListener.lifecycleEvent The APR based Apache Tomcat Native library which allows optimal performance in production environments was not found on the java.library.path: [/usr/java/packages/lib/amd64:/usr/lib/x86_64-linux-gnu/jni:/lib/x86_64-linux-gnu:/usr/lib/x86_64-linux-gnu:/usr/lib/jni:/lib:/usr/lib]
07-Dec-2017 07:52:27.946 INFO [main] org.apache.coyote.AbstractProtocol.init Initializing ProtocolHandler ["http-nio-2831"]
07-Dec-2017 07:52:28.010 INFO [main] org.apache.tomcat.util.net.NioSelectorPool.getSharedSelector Using a shared selector for servlet write/read
07-Dec-2017 07:52:28.048 INFO [main] org.apache.coyote.AbstractProtocol.init Initializing ProtocolHandler ["ajp-nio-8009"]
07-Dec-2017 07:52:28.052 INFO [main] org.apache.tomcat.util.net.NioSelectorPool.getSharedSelector Using a shared selector for servlet write/read
07-Dec-2017 07:52:28.053 INFO [main] org.apache.catalina.startup.Catalina.load Initialization processed in 2874 ms
07-Dec-2017 07:52:28.234 INFO [main] org.apache.catalina.core.StandardService.startInternal Starting service [Catalina]
07-Dec-2017 07:52:28.236 INFO [main] org.apache.catalina.core.StandardEngine.startInternal Starting Servlet Engine: Apache Tomcat/8.5.24
07-Dec-2017 07:52:28.272 INFO [localhost-startStop-1] org.apache.catalina.startup.HostConfig.deployDirectory Deploying web application directory [/var/www/html/ms/webservice/apache-tomcat-8.5.24/webapps/host-manager]
07-Dec-2017 07:52:30.448 INFO [localhost-startStop-1] org.apache.catalina.startup.HostConfig.deployDirectory Deployment of web application directory [/var/www/html/ms/webservice/apache-tomcat-8.5.24/webapps/host-manager] has finished in [2,165] ms
07-Dec-2017 07:52:30.449 INFO [localhost-startStop-1] org.apache.catalina.startup.HostConfig.deployDirectory Deploying web application directory [/var/www/html/ms/webservice/apache-tomcat-8.5.24/webapps/examples]
07-Dec-2017 07:52:32.507 INFO [localhost-startStop-1] org.apache.catalina.startup.HostConfig.deployDirectory Deployment of web application directory [/var/www/html/ms/webservice/apache-tomcat-8.5.24/webapps/examples] has finished in [2,057] ms
07-Dec-2017 07:52:32.507 INFO [localhost-startStop-1] org.apache.catalina.startup.HostConfig.deployDirectory Deploying web application directory [/var/www/html/ms/webservice/apache-tomcat-8.5.24/webapps/ROOT]
07-Dec-2017 07:52:33.168 INFO [localhost-startStop-1] org.apache.jasper.servlet.TldScanner.scanJars At least one JAR was scanned for TLDs yet contained no TLDs. Enable debug logging for this logger for a complete list of JARs that were scanned but no TLDs were found in them. Skipping unneeded JARs during scanning can improve startup time and JSP compilation time.
07-Dec-2017 07:52:33.181 INFO [localhost-startStop-1] org.apache.catalina.startup.HostConfig.deployDirectory Deployment of web application directory [/var/www/html/ms/webservice/apache-tomcat-8.5.24/webapps/ROOT] has finished in [674] ms
07-Dec-2017 07:52:33.182 INFO [localhost-startStop-1] org.apache.catalina.startup.HostConfig.deployDirectory Deploying web application directory [/var/www/html/ms/webservice/apache-tomcat-8.5.24/webapps/docs]
07-Dec-2017 07:52:33.291 INFO [localhost-startStop-1] org.apache.catalina.startup.HostConfig.deployDirectory Deployment of web application directory [/var/www/html/ms/webservice/apache-tomcat-8.5.24/webapps/docs] has finished in [109] ms
07-Dec-2017 07:52:33.291 INFO [localhost-startStop-1] org.apache.catalina.startup.HostConfig.deployDirectory Deploying web application directory [/var/www/html/ms/webservice/apache-tomcat-8.5.24/webapps/manager]
07-Dec-2017 07:52:33.433 INFO [localhost-startStop-1] org.apache.catalina.startup.HostConfig.deployDirectory Deployment of web application directory [/var/www/html/ms/webservice/apache-tomcat-8.5.24/webapps/manager] has finished in [142] ms
07-Dec-2017 07:52:33.445 INFO [main] org.apache.coyote.AbstractProtocol.start Starting ProtocolHandler ["http-nio-2831"]
07-Dec-2017 07:52:33.510 INFO [main] org.apache.coyote.AbstractProtocol.start Starting ProtocolHandler ["ajp-nio-8009"]
07-Dec-2017 07:52:33.536 INFO [main] org.apache.catalina.startup.Catalina.start Server startup in 5482 ms
07-Dec-2017 11:28:26.502 INFO [http-nio-2831-exec-8] org.apache.tomcat.util.http.Parameters.processParameters Character decoding failed. Parameter [data] with value ['배틀그라운드'의 흥행으로 국내에서 더욱 인지도가 높아진 글로벌 게임 플랫폼 '스팀'이 가상화폐인 비트코인을 결제수단으로 지원하지 않겠다고 선언했다. 급격하게 가치가 뒤바뀌는 비트코인이 게임 상품을 거래하는 수단으로 쓰이기에 부적합하다고 판단했기 때문이다.\n\n스팀을 운영하는 미국 게임사 밸브는 7일 자사 스팀 블로그를 통해 \\\"비트코인의 높은 수수료와 가치 변동성으로 인해, 오늘부로 스팀은 결제 수단 중 하나였던 비트코인에 대한 지원을 중단한다\\\"고 발표했다.\n\n회사 측은 \\\"우리가 처음 비트코인을 지원하기 시작했을 때 약 0.20달러에 불과했던 결제 건당 수수료는 올해 20달러까지 급등해 같은 수준을 유지하고 있다\\\"며 \\\"안타깝게도 밸브에서는 해당 수수료에 대한 통제 권한이 전혀 없으며, 높은 수수료는 비트코인으로 구매할 때 지불해야 할 가격이 터무니없이 높아지는 결과를 가져온다. 높은 결제 수수료는 비트코인의 가치가 큰 폭으로 하락하는 경우 더욱 문제가 된다\\\"고 지적했다.\n\n\n\n\n비트코인은 최근 국내·외 금융 시장에서 주목받고 있는 가상화폐다. 최근 국내를 중심으로 급격한 시세 변동이 이뤄지면서 투자 과열 현상이 벌어지고 있기도 하다. 가상화폐 정보 사이트인 코인마켓캡에 따르면 비트코인은 7일 오전 8시50분 현재 1만4천달러, 우리돈으로 약 1천500만원가량에 거래되고 있다. 이는 24시간 만에 17.79% 급증한 수치다.\n\n밸브는 비트코인의 이러한 급격한 변동성을 우려했다. 비트코인으로 게임을 구매하려는 고객에게 문제가 될 소지가 있다는 이유다.\n\n회사 측은 \\\"스팀에서 결제를 진행할 때, 고객은 게임 가격에 대한 금액을 비트코인으로 송금하고 비트코인 네트워크에서 부과하는 수수료 금액도 비트코인으로 지불해야 한다\\\"며 \\\"일정 시간 내에 결제 처리가 완료되지 못하면 그로 인해 메꿔야 할 비트코인의 액수에 변동이 일어나게 되고 변동 가능한 액수가 최근 급등해 원금과 심하게 차이가 나는 상태에 이르렀다\\\"고 전했다.\n\n그러면서 이러한 문제의 일반적인 해결 방법은 이용자에게 원래 액수를 환불하거나, 남아있는 차액을 회복하기 위해 이용자에게 추가 송금을 요구하는 것\\\"이라며 \\\"양쪽 모두의 경우 이용자는 비트코인 네트워크의 결제 수수료를 반복해서 청구 당하게 된다. 올해 들어이러한 상황을 겪은 고객의 숫자가 증가하고 있다\\\"고 덧붙이기도 했다.\n\n결제 수수료가 높아진 현재 상태에서 고객에게 환불하거나 손실된 차액을 송금할 경우, 비트코인 네트워크에서 추가 송금액을 처리하는 동안 변동된 비트코인의 가치에 따라 반복해서 손해를 볼 수 있는 위험이 있다는 것이다.\n\n밸브는 \\\"비트코인의 사용을 지원하는 것이 스팀 커뮤니티 입장에서 합리적인 선택인지 아닌지는 나중에 다시 판단하게 될 수도 있다\\\"면서 \\\"기존 비트코인 관련 미결제 및 결제 수수료 때문에 본 결정의 영향을 받는 고객께는 문제가 없도록 계속 노력하겠다\\\"고 전했다.\n'배틀그라운드'의 흥행으로 국내에서 더욱 인지도가 높아진 글로벌 게임 플랫폼 '스팀'이 가상화폐인 비트코인을 결제수단으로 지원하지 않겠다고 선언했다. 급격하게 가치가 뒤바뀌는 비트코인이 게임 상품을 거래하는 수단으로 쓰이기에 부적합하다고 판단했기 때문이다.\n\n스팀을 운영하는 미국 게임사 밸브는 7일 자사 스팀 블로그를 통해 \\\"비트코인의 높은 수수료와 가치 변동성으로 인해, 오늘부로 스팀은 결제 수단 중 하나였던 비트코인에 대한 지원을 중단한다\\\"고 발표했다.\n\n회사 측은 \\\"우리가 처음 비트코인을 지원하기 시작했을 때 약 0.20달러에 불과했던 결제 건당 수수료는 올해 20달러까지 급등해 같은 수준을 유지하고 있다\\\"며 \\\"안타깝게도 밸브에서는 해당 수수료에 대한 통제 권한이 전혀 없으며, 높은 수수료는 비트코인으로 구매할 때 지불해야 할 가격이 터무니없이 높아지는 결과를 가져온다. 높은 결제 수수료는 비트코인의 가치가 큰 폭으로 하락하는 경우 더욱 문제가 된다\\\"고 지적했다.\n\n\n\n\n비트코인은 최근 국내·외 금융 시장에서 주목받고 있는 가상화폐다. 최근 국내를 중심으로 급격한 시세 변동이 이뤄지면서 투자 과열 현상이 벌어지고 있기도 하다. 가상화폐 정보 사이트인 코인마켓캡에 따르면 비트코인은 7일 오전 8시50분 현재 1만4천달러, 우리돈으로 약 1천500만원가량에 거래되고 있다. 이는 24시간 만에 17.79% 급증한 수치다.\n\n밸브는 비트코인의 이러한 급격한 변동성을 우려했다. 비트코인으로 게임을 구매하려는 고객에게 문제가 될 소지가 있다는 이유다.\n\n회사 측은 \\\"스팀에서 결제를 진행할 때, 고객은 게임 가격에 대한 금액을 비트코인으로 송금하고 비트코인 네트워크에서 부과하는 수수료 금액도 비트코인으로 지불해야 한다\\\"며 \\\"일정 시간 내에 결제 처리가 완료되지 못하면 그로 인해 메꿔야 할 비트코인의 액수에 변동이 일어나게 되고 변동 가능한 액수가 최근 급등해 원금과 심하게 차이가 나는 상태에 이르렀다\\\"고 전했다.\n\n그러면서 이러한 문제의 일반적인 해결 방법은 이용자에게 원래 액수를 환불하거나, 남아있는 차액을 회복하기 위해 이용자에게 추가 송금을 요구하는 것\\\"이라며 \\\"양쪽 모두의 경우 이용자는 비트코인 네트워크의 결제 수수료를 반복해서 청구 당하게 된다. 올해 들어이러한 상황을 겪은 고객의 숫자가 증가하고 있다\\\"고 덧붙이기도 했다.\n\n결제 수수료가 높아진 현재 상태에서 고객에게 환불하거나 손실된 차액을 송금할 경우, 비트코인 네트워크에서 추가 송금액을 처리하는 동안 변동된 비트코인의 가치에 따라 반복해서 손해를 볼 수 있는 위험이 있다는 것이다.\n\n밸브는 \\\"비트코인의 사용을 지원하는 것이 스팀 커뮤니티 입장에서 합리적인 선택인지 아닌지는 나중에 다시 판단하게 될 수도 있다\\\"면서 \\\"기존 비트코인 관련 미결제 및 결제 수수료 때문에 본 결정의 영향을 받는 고객께는 문제가 없도록 계속 노력하겠다\\\"고 전했다.\n'배틀그라운드'의 흥행으로 국내에서 더욱 인지도가 높아진 글로벌 게임 플랫폼 '스팀'이 가상화폐인 비트코인을 결제수단으로 지원하지 않겠다고 선언했다. 급격하게 가치가 뒤바뀌는 비트코인이 게임 상품을 거래하는 수단으로 쓰이기에 부적합하다고 판단했기 때문이다.\n\n스팀을 운영하는 미국 게임사 밸브는 7일 자사 스팀 블로그를 통해 \\\"비트코인의 높은 수수료와 가치 변동성으로 인해, 오늘부로 스팀은 결제 수단 중 하나였던 비트코인에 대한 지원을 중단한다\\\"고 발표했다.\n\n회사 측은 \\\"우리가 처음 비트코인을 지원하기 시작했을 때 약 0.20달러에 불과했던 결제 건당 수수료는 올해 20달러까지 급등해 같은 수준을 유지하고 있다\\\"며 \\\"안타깝게도 밸브에서는 해당 수수료에 대한 통제 권한이 전혀 없으며, 높은 수수료는 비트코인으로 구매할 때 지불해야 할 가격이 터무니없이 높아지는 결과를 가져온다. 높은 결제 수수료는 비트코인의 가치가 큰 폭으로 하락하는 경우 더욱 문제가 된다\\\"고 지적했다.\n\n\n\n\n비트코인은 최근 국내·외 금융 시장에서 주목받고 있는 가상화폐다. 최근 국내를 중심으로 급격한 시세 변동이 이뤄지면서 투자 과열 현상이 벌어지고 있기도 하다. 가상화폐 정보 사이트인 코인마켓캡에 따르면 비트코인은 7일 오전 8시50분 현재 1만4천달러, 우리돈으로 약 1천500만원가량에 거래되고 있다. 이는 24시간 만에 17.79% 급증한 수치다.\n\n밸브는 비트코인의 이러한 급격한 변동성을 우려했다. 비트코인으로 게임을 구매하려는 고객에게 문제가 될 소지가 있다는 이유다.\n\n회사 측은 \\\"스팀에서 결제를 진행할 때, 고객은 게임 가격에 대한 금액을 비트코인으로 송금하고 비트코인 네트워크에서 부과하는 수수료 금액도 비트코인으로 지불해야 한다\\\"며 \\\"일정 시간 내에 결제 처리가 완료되지 못하면 그로 인해 메꿔야 할 비트코인의 액수에 변동이 일어나게 되고 변동 가능한 액수가 최근 급등해 원금과 심하게 차이가 나는 상태에 이르렀다\\\"고 전했다.\n\n그러면서 이러한 문제의 일반적인 해결 방법은 이용자에게 원래 액수를 환불하거나, 남아있는 차액을 회복하기 위해 이용자에게 추가 송금을 요구하는 것\\\"이라며 \\\"양쪽 모두의 경우 이용자는 비트코인 네트워크의 결제 수수료를 반복해서 청구 당하게 된다. 올해 들어이러한 상황을 겪은 고객의 숫자가 증가하고 있다\\\"고 덧붙이기도 했다.\n\n결제 수수료가 높아진 현재 상태에서 고객에게 환불하거나 손실된 차액을 송금할 경우, 비트코인 네트워크에서 추가 송금액을 처리하는 동안 변동된 비트코인의 가치에 따라 반복해서 손해를 볼 수 있는 위험이 있다는 것이다.\n\n밸브는 \\\"비트코인의 사용을 지원하는 것이 스팀 커뮤니티 입장에서 합리적인 선택인지 아닌지는 나중에 다시 판단하게 될 수도 있다\\\"면서 \\\"기존 비트코인 관련 미결제 및 결제 수수료 때문에 본 결정의 영향을 받는 고객께는 문제가 없도록 계속 노력하겠다\\\"고 전했다.\n'배틀그라운드'의 흥행으로 국내에서 더욱 인지도가 높아진 글로벌 게임 플랫폼 '스팀'이 가상화폐인 비트코인을 결제수단으로 지원하지 않겠다고 선언했다. 급격하게 가치가 뒤바뀌는 비트코인이 게임 상품을 거래하는 수단으로 쓰이기에 부적합하다고 판단했기 때문이다.\n\n스팀을 운영하는 미국 게임사 밸브는 7일 자사 스팀 블로그를 통해 \\\"비트코인의 높은 수수료와 가치 변동성으로 인해, 오늘부로 스팀은 결제 수단 중 하나였던 비트코인에 대한 지원을 중단한다\\\"고 발표했다.\n\n회사 측은 \\\"우리가 처음 비트코인을 지원하기 시작했을 때 약 0.20달러에 불과했던 결제 건당 수수료는 올해 20달러까지 급등해 같은 수준을 유지하고 있다\\\"며 \\\"안타깝게도 밸브에서는 해당 수수료에 대한 통제 권한이 전혀 없으며, 높은 수수료는 비트코인으로 구매할 때 지불해야 할 가격이 터무니없이 높아지는 결과를 가져온다. 높은 결제 수수료는 비트코인의 가치가 큰 폭으로 하락하는 경우 더욱 문제가 된다\\\"고 지적했다.\n\n\n\n\n비트코인은 최근 국내·외 금융 시장에서 주목받고 있는 가상화폐다. 최근 국내를 중심으로 급격한 시세 변동이 이뤄지면서 투자 과열 현상이 벌어지고 있기도 하다. 가상화폐 정보 사이트인 코인마켓캡에 따르면 비트코인은 7일 오전 8시50분 현재 1만4천달러, 우리돈으로 약 1천500만원가량에 거래되고 있다. 이는 24시간 만에 17.79% 급증한 수치다.] has been ignored. Note that the name and value quoted here may be corrupted due to the failed decoding. Use debug level logging to see the original, non-corrupted values.
 Note: further occurrences of Parameter errors will be logged at DEBUG level.
07-Dec-2017 12:53:30.062 INFO [main] org.apache.catalina.core.StandardServer.await A valid shutdown command was received via the shutdown port. Stopping the Server instance.
07-Dec-2017 12:53:30.104 INFO [main] org.apache.coyote.AbstractProtocol.pause Pausing ProtocolHandler ["http-nio-2831"]
07-Dec-2017 12:53:30.233 INFO [main] org.apache.coyote.AbstractProtocol.pause Pausing ProtocolHandler ["ajp-nio-8009"]
07-Dec-2017 12:53:30.287 INFO [main] org.apache.catalina.core.StandardService.stopInternal Stopping service [Catalina]
07-Dec-2017 12:53:30.584 INFO [localhost-startStop-2] org.apache.catalina.core.StandardWrapper.unload Waiting for [2] instance(s) to be deallocated for Servlet [jsp]
07-Dec-2017 12:53:31.640 INFO [localhost-startStop-2] org.apache.catalina.core.StandardWrapper.unload Waiting for [2] instance(s) to be deallocated for Servlet [jsp]
07-Dec-2017 12:53:32.662 INFO [localhost-startStop-2] org.apache.catalina.core.StandardWrapper.unload Waiting for [2] instance(s) to be deallocated for Servlet [jsp]
07-Dec-2017 12:53:34.138 WARNING [localhost-startStop-2] org.apache.catalina.loader.WebappClassLoaderBase.clearReferencesJdbc The web application [ROOT] registered the JDBC driver [com.mysql.jdbc.Driver] but failed to unregister it when the web application was stopped. To prevent a memory leak, the JDBC Driver has been forcibly unregistered.
07-Dec-2017 12:53:34.147 WARNING [localhost-startStop-2] org.apache.catalina.loader.WebappClassLoaderBase.clearReferencesThreads The web application [ROOT] is still processing a request that has yet to finish. This is very likely to create a memory leak. You can control the time allowed for requests to finish by using the unloadDelay attribute of the standard Context implementation. Stack trace of request processing thread:[
 java.io.FileInputStream.readBytes(Native Method)
 java.io.FileInputStream.read(FileInputStream.java:272)
 java.io.BufferedInputStream.read1(BufferedInputStream.java:273)
 java.io.BufferedInputStream.read(BufferedInputStream.java:334)
 sun.nio.cs.StreamDecoder.readBytes(StreamDecoder.java:283)
 sun.nio.cs.StreamDecoder.implRead(StreamDecoder.java:325)
 sun.nio.cs.StreamDecoder.read(StreamDecoder.java:177)
 java.io.InputStreamReader.read(InputStreamReader.java:184)
 java.io.BufferedReader.fill(BufferedReader.java:154)
 java.io.BufferedReader.readLine(BufferedReader.java:317)
 java.io.BufferedReader.readLine(BufferedReader.java:382)
 org.apache.jsp.translate_jsp._jspService(translate_jsp.java:139)
 org.apache.jasper.runtime.HttpJspBase.service(HttpJspBase.java:70)
 javax.servlet.http.HttpServlet.service(HttpServlet.java:742)
 org.apache.jasper.servlet.JspServletWrapper.service(JspServletWrapper.java:443)
 org.apache.jasper.servlet.JspServlet.serviceJspFile(JspServlet.java:386)
 org.apache.jasper.servlet.JspServlet.service(JspServlet.java:330)
 javax.servlet.http.HttpServlet.service(HttpServlet.java:742)
 org.apache.catalina.core.ApplicationFilterChain.internalDoFilter(ApplicationFilterChain.java:231)
 org.apache.catalina.core.ApplicationFilterChain.doFilter(ApplicationFilterChain.java:166)
 org.apache.tomcat.websocket.server.WsFilter.doFilter(WsFilter.java:52)
 org.apache.catalina.core.ApplicationFilterChain.internalDoFilter(ApplicationFilterChain.java:193)
 org.apache.catalina.core.ApplicationFilterChain.doFilter(ApplicationFilterChain.java:166)
 org.apache.catalina.core.StandardWrapperValve.invoke(StandardWrapperValve.java:198)
 org.apache.catalina.core.StandardContextValve.invoke(StandardContextValve.java:96)
 org.apache.catalina.core.StandardHostValve.invoke(StandardHostValve.java:140)
 org.apache.catalina.valves.ErrorReportValve.invoke(ErrorReportValve.java:81)
 org.apache.catalina.valves.AbstractAccessLogValve.invoke(AbstractAccessLogValve.java:650)
 org.apache.catalina.core.StandardEngineValve.invoke(StandardEngineValve.java:87)
 org.apache.catalina.connector.CoyoteAdapter.service(CoyoteAdapter.java:342)
 org.apache.coyote.http11.Http11Processor.service(Http11Processor.java:803)
 org.apache.coyote.AbstractProcessorLight.process(AbstractProcessorLight.java:66)
 org.apache.coyote.AbstractProtocol$ConnectionHandler.process(AbstractProtocol.java:790)
 org.apache.tomcat.util.net.NioEndpoint$SocketProcessor.doRun(NioEndpoint.java:1459)
 org.apache.tomcat.util.net.SocketProcessorBase.run(SocketProcessorBase.java:49)
 java.util.concurrent.ThreadPoolExecutor.runWorker(ThreadPoolExecutor.java:1152)
 java.util.concurrent.ThreadPoolExecutor$Worker.run(ThreadPoolExecutor.java:622)
 org.apache.tomcat.util.threads.TaskThread$WrappingRunnable.run(TaskThread.java:61)
 java.lang.Thread.run(Thread.java:748)]
07-Dec-2017 12:53:34.148 WARNING [localhost-startStop-2] org.apache.catalina.loader.WebappClassLoaderBase.clearReferencesThreads The web application [ROOT] is still processing a request that has yet to finish. This is very likely to create a memory leak. You can control the time allowed for requests to finish by using the unloadDelay attribute of the standard Context implementation. Stack trace of request processing thread:[
 java.io.FileInputStream.readBytes(Native Method)
 java.io.FileInputStream.read(FileInputStream.java:272)
 java.io.BufferedInputStream.read1(BufferedInputStream.java:273)
 java.io.BufferedInputStream.read(BufferedInputStream.java:334)
 sun.nio.cs.StreamDecoder.readBytes(StreamDecoder.java:283)
 sun.nio.cs.StreamDecoder.implRead(StreamDecoder.java:325)
 sun.nio.cs.StreamDecoder.read(StreamDecoder.java:177)
 java.io.InputStreamReader.read(InputStreamReader.java:184)
 java.io.BufferedReader.fill(BufferedReader.java:154)
 java.io.BufferedReader.readLine(BufferedReader.java:317)
 java.io.BufferedReader.readLine(BufferedReader.java:382)
 org.apache.jsp.translate_jsp._jspService(translate_jsp.java:139)
 org.apache.jasper.runtime.HttpJspBase.service(HttpJspBase.java:70)
 javax.servlet.http.HttpServlet.service(HttpServlet.java:742)
 org.apache.jasper.servlet.JspServletWrapper.service(JspServletWrapper.java:443)
 org.apache.jasper.servlet.JspServlet.serviceJspFile(JspServlet.java:386)
 org.apache.jasper.servlet.JspServlet.service(JspServlet.java:330)
 javax.servlet.http.HttpServlet.service(HttpServlet.java:742)
 org.apache.catalina.core.ApplicationFilterChain.internalDoFilter(ApplicationFilterChain.java:231)
 org.apache.catalina.core.ApplicationFilterChain.doFilter(ApplicationFilterChain.java:166)
 org.apache.tomcat.websocket.server.WsFilter.doFilter(WsFilter.java:52)
 org.apache.catalina.core.ApplicationFilterChain.internalDoFilter(ApplicationFilterChain.java:193)
 org.apache.catalina.core.ApplicationFilterChain.doFilter(ApplicationFilterChain.java:166)
 org.apache.catalina.core.StandardWrapperValve.invoke(StandardWrapperValve.java:198)
 org.apache.catalina.core.StandardContextValve.invoke(StandardContextValve.java:96)
 org.apache.catalina.core.StandardHostValve.invoke(StandardHostValve.java:140)
 org.apache.catalina.valves.ErrorReportValve.invoke(ErrorReportValve.java:81)
 org.apache.catalina.valves.AbstractAccessLogValve.invoke(AbstractAccessLogValve.java:650)
 org.apache.catalina.core.StandardEngineValve.invoke(StandardEngineValve.java:87)
 org.apache.catalina.connector.CoyoteAdapter.service(CoyoteAdapter.java:342)
 org.apache.coyote.http11.Http11Processor.service(Http11Processor.java:803)
 org.apache.coyote.AbstractProcessorLight.process(AbstractProcessorLight.java:66)
 org.apache.coyote.AbstractProtocol$ConnectionHandler.process(AbstractProtocol.java:790)
 org.apache.tomcat.util.net.NioEndpoint$SocketProcessor.doRun(NioEndpoint.java:1459)
 org.apache.tomcat.util.net.SocketProcessorBase.run(SocketProcessorBase.java:49)
 java.util.concurrent.ThreadPoolExecutor.runWorker(ThreadPoolExecutor.java:1152)
 java.util.concurrent.ThreadPoolExecutor$Worker.run(ThreadPoolExecutor.java:622)
 org.apache.tomcat.util.threads.TaskThread$WrappingRunnable.run(TaskThread.java:61)
 java.lang.Thread.run(Thread.java:748)]
07-Dec-2017 12:53:34.149 WARNING [localhost-startStop-2] org.apache.catalina.loader.WebappClassLoaderBase.clearReferencesThreads The web application [ROOT] appears to have started a thread named [Abandoned connection cleanup thread] but has failed to stop it. This is very likely to create a memory leak. Stack trace of thread:
 java.lang.Object.wait(Native Method)
 java.lang.ref.ReferenceQueue.remove(ReferenceQueue.java:135)
 com.mysql.jdbc.AbandonedConnectionCleanupThread.run(AbandonedConnectionCleanupThread.java:64)
 java.util.concurrent.ThreadPoolExecutor.runWorker(ThreadPoolExecutor.java:1152)
 java.util.concurrent.ThreadPoolExecutor$Worker.run(ThreadPoolExecutor.java:622)
 java.lang.Thread.run(Thread.java:748)
07-Dec-2017 12:53:34.239 INFO [main] org.apache.coyote.AbstractProtocol.stop Stopping ProtocolHandler ["http-nio-2831"]
07-Dec-2017 12:53:34.967 INFO [main] org.apache.catalina.startup.VersionLoggerListener.log Server version:        Apache Tomcat/8.5.24
07-Dec-2017 12:53:34.981 INFO [main] org.apache.catalina.startup.VersionLoggerListener.log Server built:          Nov 27 2017 13:05:30 UTC
07-Dec-2017 12:53:34.981 INFO [main] org.apache.catalina.startup.VersionLoggerListener.log Server number:         8.5.24.0
07-Dec-2017 12:53:34.981 INFO [main] org.apache.catalina.startup.VersionLoggerListener.log OS Name:               Linux
07-Dec-2017 12:53:34.981 INFO [main] org.apache.catalina.startup.VersionLoggerListener.log OS Version:            4.4.0-31-generic
07-Dec-2017 12:53:34.982 INFO [main] org.apache.catalina.startup.VersionLoggerListener.log Architecture:          amd64
07-Dec-2017 12:53:34.982 INFO [main] org.apache.catalina.startup.VersionLoggerListener.log Java Home:             /usr/lib/jvm/java-7-openjdk-amd64/jre
07-Dec-2017 12:53:34.982 INFO [main] org.apache.catalina.startup.VersionLoggerListener.log JVM Version:           1.7.0_151-b01
07-Dec-2017 12:53:34.982 INFO [main] org.apache.catalina.startup.VersionLoggerListener.log JVM Vendor:            Oracle Corporation
07-Dec-2017 12:53:34.982 INFO [main] org.apache.catalina.startup.VersionLoggerListener.log CATALINA_BASE:         /var/www/html/ms/webservice/apache-tomcat-8.5.24
07-Dec-2017 12:53:34.983 INFO [main] org.apache.catalina.startup.VersionLoggerListener.log CATALINA_HOME:         /var/www/html/ms/webservice/apache-tomcat-8.5.24
07-Dec-2017 12:53:34.983 INFO [main] org.apache.catalina.startup.VersionLoggerListener.log Command line argument: -Djava.util.logging.config.file=/var/www/html/ms/webservice/apache-tomcat-8.5.24/conf/logging.properties
07-Dec-2017 12:53:34.984 INFO [main] org.apache.catalina.startup.VersionLoggerListener.log Command line argument: -Djava.util.logging.manager=org.apache.juli.ClassLoaderLogManager
07-Dec-2017 12:53:34.986 INFO [main] org.apache.catalina.startup.VersionLoggerListener.log Command line argument: -Djdk.tls.ephemeralDHKeySize=2048
07-Dec-2017 12:53:34.987 INFO [main] org.apache.catalina.startup.VersionLoggerListener.log Command line argument: -Djava.protocol.handler.pkgs=org.apache.catalina.webresources
07-Dec-2017 12:53:34.987 INFO [main] org.apache.catalina.startup.VersionLoggerListener.log Command line argument: -Dignore.endorsed.dirs=
07-Dec-2017 12:53:34.987 INFO [main] org.apache.catalina.startup.VersionLoggerListener.log Command line argument: -Dcatalina.base=/var/www/html/ms/webservice/apache-tomcat-8.5.24
07-Dec-2017 12:53:34.988 INFO [main] org.apache.catalina.startup.VersionLoggerListener.log Command line argument: -Dcatalina.home=/var/www/html/ms/webservice/apache-tomcat-8.5.24
07-Dec-2017 12:53:34.988 INFO [main] org.apache.catalina.startup.VersionLoggerListener.log Command line argument: -Djava.io.tmpdir=/var/www/html/ms/webservice/apache-tomcat-8.5.24/temp
07-Dec-2017 12:53:34.989 INFO [main] org.apache.catalina.core.AprLifecycleListener.lifecycleEvent The APR based Apache Tomcat Native library which allows optimal performance in production environments was not found on the java.library.path: [/usr/java/packages/lib/amd64:/usr/lib/x86_64-linux-gnu/jni:/lib/x86_64-linux-gnu:/usr/lib/x86_64-linux-gnu:/usr/lib/jni:/lib:/usr/lib]
07-Dec-2017 12:53:35.668 INFO [main] org.apache.coyote.AbstractProtocol.init Initializing ProtocolHandler ["http-nio-2831"]
07-Dec-2017 12:53:35.808 SEVERE [main] org.apache.catalina.core.StandardService.initInternal Failed to initialize connector [Connector[HTTP/1.1-2831]]
 org.apache.catalina.LifecycleException: Failed to initialize component [Connector[HTTP/1.1-2831]]
	at org.apache.catalina.util.LifecycleBase.init(LifecycleBase.java:112)
	at org.apache.catalina.core.StandardService.initInternal(StandardService.java:549)
	at org.apache.catalina.util.LifecycleBase.init(LifecycleBase.java:107)
	at org.apache.catalina.core.StandardServer.initInternal(StandardServer.java:875)
	at org.apache.catalina.util.LifecycleBase.init(LifecycleBase.java:107)
	at org.apache.catalina.startup.Catalina.load(Catalina.java:621)
	at org.apache.catalina.startup.Catalina.start(Catalina.java:658)
	at sun.reflect.NativeMethodAccessorImpl.invoke0(Native Method)
	at sun.reflect.NativeMethodAccessorImpl.invoke(NativeMethodAccessorImpl.java:57)
	at sun.reflect.DelegatingMethodAccessorImpl.invoke(DelegatingMethodAccessorImpl.java:43)
	at java.lang.reflect.Method.invoke(Method.java:606)
	at org.apache.catalina.startup.Bootstrap.start(Bootstrap.java:353)
	at org.apache.catalina.startup.Bootstrap.main(Bootstrap.java:493)
Caused by: org.apache.catalina.LifecycleException: Protocol handler initialization failed
	at org.apache.catalina.connector.Connector.initInternal(Connector.java:995)
	at org.apache.catalina.util.LifecycleBase.init(LifecycleBase.java:107)
	... 12 more
Caused by: java.net.BindException: Address already in use
	at sun.nio.ch.Net.bind0(Native Method)
	at sun.nio.ch.Net.bind(Net.java:463)
	at sun.nio.ch.Net.bind(Net.java:455)
	at sun.nio.ch.ServerSocketChannelImpl.bind(ServerSocketChannelImpl.java:223)
	at sun.nio.ch.ServerSocketAdaptor.bind(ServerSocketAdaptor.java:74)
	at org.apache.tomcat.util.net.NioEndpoint.bind(NioEndpoint.java:210)
	at org.apache.tomcat.util.net.AbstractEndpoint.init(AbstractEndpoint.java:1082)
	at org.apache.tomcat.util.net.AbstractJsseEndpoint.init(AbstractJsseEndpoint.java:267)
	at org.apache.coyote.AbstractProtocol.init(AbstractProtocol.java:581)
	at org.apache.coyote.http11.AbstractHttp11Protocol.init(AbstractHttp11Protocol.java:66)
	at org.apache.catalina.connector.Connector.initInternal(Connector.java:993)
	... 13 more

07-Dec-2017 12:53:35.813 INFO [main] org.apache.coyote.AbstractProtocol.init Initializing ProtocolHandler ["ajp-nio-8009"]
07-Dec-2017 12:53:35.837 SEVERE [main] org.apache.catalina.core.StandardService.initInternal Failed to initialize connector [Connector[AJP/1.3-8009]]
 org.apache.catalina.LifecycleException: Failed to initialize component [Connector[AJP/1.3-8009]]
	at org.apache.catalina.util.LifecycleBase.init(LifecycleBase.java:112)
	at org.apache.catalina.core.StandardService.initInternal(StandardService.java:549)
	at org.apache.catalina.util.LifecycleBase.init(LifecycleBase.java:107)
	at org.apache.catalina.core.StandardServer.initInternal(StandardServer.java:875)
	at org.apache.catalina.util.LifecycleBase.init(LifecycleBase.java:107)
	at org.apache.catalina.startup.Catalina.load(Catalina.java:621)
	at org.apache.catalina.startup.Catalina.start(Catalina.java:658)
	at sun.reflect.NativeMethodAccessorImpl.invoke0(Native Method)
	at sun.reflect.NativeMethodAccessorImpl.invoke(NativeMethodAccessorImpl.java:57)
	at sun.reflect.DelegatingMethodAccessorImpl.invoke(DelegatingMethodAccessorImpl.java:43)
	at java.lang.reflect.Method.invoke(Method.java:606)
	at org.apache.catalina.startup.Bootstrap.start(Bootstrap.java:353)
	at org.apache.catalina.startup.Bootstrap.main(Bootstrap.java:493)
Caused by: org.apache.catalina.LifecycleException: Protocol handler initialization failed
	at org.apache.catalina.connector.Connector.initInternal(Connector.java:995)
	at org.apache.catalina.util.LifecycleBase.init(LifecycleBase.java:107)
	... 12 more
Caused by: java.net.BindException: Address already in use
	at sun.nio.ch.Net.bind0(Native Method)
	at sun.nio.ch.Net.bind(Net.java:463)
	at sun.nio.ch.Net.bind(Net.java:455)
	at sun.nio.ch.ServerSocketChannelImpl.bind(ServerSocketChannelImpl.java:223)
	at sun.nio.ch.ServerSocketAdaptor.bind(ServerSocketAdaptor.java:74)
	at org.apache.tomcat.util.net.NioEndpoint.bind(NioEndpoint.java:210)
	at org.apache.tomcat.util.net.AbstractEndpoint.init(AbstractEndpoint.java:1082)
	at org.apache.tomcat.util.net.AbstractJsseEndpoint.init(AbstractJsseEndpoint.java:267)
	at org.apache.coyote.AbstractProtocol.init(AbstractProtocol.java:581)
	at org.apache.catalina.connector.Connector.initInternal(Connector.java:993)
	... 13 more

07-Dec-2017 12:53:35.843 INFO [main] org.apache.catalina.startup.Catalina.load Initialization processed in 3813 ms
07-Dec-2017 12:53:36.038 INFO [main] org.apache.catalina.core.StandardService.startInternal Starting service [Catalina]
07-Dec-2017 12:53:36.039 INFO [main] org.apache.catalina.core.StandardEngine.startInternal Starting Servlet Engine: Apache Tomcat/8.5.24
07-Dec-2017 12:53:36.064 INFO [localhost-startStop-1] org.apache.catalina.startup.HostConfig.deployDirectory Deploying web application directory [/var/www/html/ms/webservice/apache-tomcat-8.5.24/webapps/host-manager]
07-Dec-2017 12:53:37.230 INFO [82] org.apache.catalina.loader.WebappClassLoaderBase.checkStateForResourceLoading Illegal access: this web application instance has been stopped already. Could not load []. The following stack trace is thrown for debugging purposes as well as to attempt to terminate the thread which caused the illegal access.
 java.lang.IllegalStateException: Illegal access: this web application instance has been stopped already. Could not load []. The following stack trace is thrown for debugging purposes as well as to attempt to terminate the thread which caused the illegal access.
	at org.apache.catalina.loader.WebappClassLoaderBase.checkStateForResourceLoading(WebappClassLoaderBase.java:1311)
	at org.apache.catalina.loader.WebappClassLoaderBase.getResource(WebappClassLoaderBase.java:986)
	at com.mysql.jdbc.AbandonedConnectionCleanupThread.checkContextClassLoaders(AbandonedConnectionCleanupThread.java:90)
	at com.mysql.jdbc.AbandonedConnectionCleanupThread.run(AbandonedConnectionCleanupThread.java:63)
	at java.util.concurrent.ThreadPoolExecutor.runWorker(ThreadPoolExecutor.java:1152)
	at java.util.concurrent.ThreadPoolExecutor$Worker.run(ThreadPoolExecutor.java:622)
	at java.lang.Thread.run(Thread.java:748)

07-Dec-2017 12:53:39.154 INFO [localhost-startStop-1] org.apache.jasper.servlet.TldScanner.scanJars At least one JAR was scanned for TLDs yet contained no TLDs. Enable debug logging for this logger for a complete list of JARs that were scanned but no TLDs were found in them. Skipping unneeded JARs during scanning can improve startup time and JSP compilation time.
07-Dec-2017 12:53:39.254 WARNING [main] org.apache.tomcat.util.net.AbstractEndpoint.shutdownExecutor The executor associated with thread pool [http-nio-2831] has not fully shutdown. Some application threads may still be running.
07-Dec-2017 12:53:39.254 INFO [main] org.apache.coyote.AbstractProtocol.stop Stopping ProtocolHandler ["ajp-nio-8009"]
07-Dec-2017 12:53:39.325 INFO [main] org.apache.coyote.AbstractProtocol.destroy Destroying ProtocolHandler ["http-nio-2831"]
07-Dec-2017 12:53:39.328 INFO [main] org.apache.coyote.AbstractProtocol.destroy Destroying ProtocolHandler ["ajp-nio-8009"]
07-Dec-2017 12:53:39.461 WARNING [localhost-startStop-1] org.apache.catalina.util.SessionIdGeneratorBase.createSecureRandom Creation of SecureRandom instance for session ID generation using [SHA1PRNG] took [103] milliseconds.
07-Dec-2017 12:53:39.564 INFO [localhost-startStop-1] org.apache.catalina.startup.HostConfig.deployDirectory Deployment of web application directory [/var/www/html/ms/webservice/apache-tomcat-8.5.24/webapps/host-manager] has finished in [3,500] ms
07-Dec-2017 12:53:39.572 INFO [localhost-startStop-1] org.apache.catalina.startup.HostConfig.deployDirectory Deploying web application directory [/var/www/html/ms/webservice/apache-tomcat-8.5.24/webapps/examples]
07-Dec-2017 12:53:42.123 INFO [localhost-startStop-1] org.apache.jasper.servlet.TldScanner.scanJars At least one JAR was scanned for TLDs yet contained no TLDs. Enable debug logging for this logger for a complete list of JARs that were scanned but no TLDs were found in them. Skipping unneeded JARs during scanning can improve startup time and JSP compilation time.
07-Dec-2017 12:53:42.461 INFO [localhost-startStop-1] org.apache.catalina.startup.HostConfig.deployDirectory Deployment of web application directory [/var/www/html/ms/webservice/apache-tomcat-8.5.24/webapps/examples] has finished in [2,883] ms
07-Dec-2017 12:53:42.461 INFO [localhost-startStop-1] org.apache.catalina.startup.HostConfig.deployDirectory Deploying web application directory [/var/www/html/ms/webservice/apache-tomcat-8.5.24/webapps/ROOT]
07-Dec-2017 12:53:43.140 INFO [localhost-startStop-1] org.apache.jasper.servlet.TldScanner.scanJars At least one JAR was scanned for TLDs yet contained no TLDs. Enable debug logging for this logger for a complete list of JARs that were scanned but no TLDs were found in them. Skipping unneeded JARs during scanning can improve startup time and JSP compilation time.
07-Dec-2017 12:53:43.187 INFO [localhost-startStop-1] org.apache.catalina.startup.HostConfig.deployDirectory Deployment of web application directory [/var/www/html/ms/webservice/apache-tomcat-8.5.24/webapps/ROOT] has finished in [726] ms
07-Dec-2017 12:53:43.188 INFO [localhost-startStop-1] org.apache.catalina.startup.HostConfig.deployDirectory Deploying web application directory [/var/www/html/ms/webservice/apache-tomcat-8.5.24/webapps/docs]
07-Dec-2017 12:53:43.679 INFO [localhost-startStop-1] org.apache.jasper.servlet.TldScanner.scanJars At least one JAR was scanned for TLDs yet contained no TLDs. Enable debug logging for this logger for a complete list of JARs that were scanned but no TLDs were found in them. Skipping unneeded JARs during scanning can improve startup time and JSP compilation time.
07-Dec-2017 12:53:43.691 INFO [localhost-startStop-1] org.apache.catalina.startup.HostConfig.deployDirectory Deployment of web application directory [/var/www/html/ms/webservice/apache-tomcat-8.5.24/webapps/docs] has finished in [503] ms
07-Dec-2017 12:53:43.695 INFO [localhost-startStop-1] org.apache.catalina.startup.HostConfig.deployDirectory Deploying web application directory [/var/www/html/ms/webservice/apache-tomcat-8.5.24/webapps/manager]
07-Dec-2017 12:53:44.144 INFO [localhost-startStop-1] org.apache.jasper.servlet.TldScanner.scanJars At least one JAR was scanned for TLDs yet contained no TLDs. Enable debug logging for this logger for a complete list of JARs that were scanned but no TLDs were found in them. Skipping unneeded JARs during scanning can improve startup time and JSP compilation time.
07-Dec-2017 12:53:44.150 INFO [localhost-startStop-1] org.apache.catalina.startup.HostConfig.deployDirectory Deployment of web application directory [/var/www/html/ms/webservice/apache-tomcat-8.5.24/webapps/manager] has finished in [455] ms
07-Dec-2017 12:53:44.167 INFO [main] org.apache.catalina.startup.Catalina.start Server startup in 8323 ms
07-Dec-2017 12:53:50.842 INFO [main] org.apache.catalina.core.StandardServer.await A valid shutdown command was received via the shutdown port. Stopping the Server instance.
07-Dec-2017 12:53:50.843 INFO [main] org.apache.coyote.AbstractProtocol.pause Pausing ProtocolHandler ["http-nio-2831"]
07-Dec-2017 12:53:50.844 INFO [main] org.apache.coyote.AbstractProtocol.pause Pausing ProtocolHandler ["ajp-nio-8009"]
07-Dec-2017 12:53:50.844 INFO [main] org.apache.catalina.core.StandardService.stopInternal Stopping service [Catalina]
07-Dec-2017 12:53:50.966 INFO [main] org.apache.coyote.AbstractProtocol.stop Stopping ProtocolHandler ["http-nio-2831"]
07-Dec-2017 12:53:50.966 INFO [main] org.apache.coyote.AbstractProtocol.destroy Destroying ProtocolHandler ["http-nio-2831"]
07-Dec-2017 12:53:50.967 INFO [main] org.apache.coyote.AbstractProtocol.stop Stopping ProtocolHandler ["ajp-nio-8009"]
07-Dec-2017 12:53:50.967 INFO [main] org.apache.coyote.AbstractProtocol.destroy Destroying ProtocolHandler ["ajp-nio-8009"]
07-Dec-2017 12:53:57.981 INFO [main] org.apache.catalina.startup.VersionLoggerListener.log Server version:        Apache Tomcat/8.5.24
07-Dec-2017 12:53:57.986 INFO [main] org.apache.catalina.startup.VersionLoggerListener.log Server built:          Nov 27 2017 13:05:30 UTC
07-Dec-2017 12:53:57.987 INFO [main] org.apache.catalina.startup.VersionLoggerListener.log Server number:         8.5.24.0
07-Dec-2017 12:53:57.987 INFO [main] org.apache.catalina.startup.VersionLoggerListener.log OS Name:               Linux
07-Dec-2017 12:53:57.987 INFO [main] org.apache.catalina.startup.VersionLoggerListener.log OS Version:            4.4.0-31-generic
07-Dec-2017 12:53:57.987 INFO [main] org.apache.catalina.startup.VersionLoggerListener.log Architecture:          amd64
07-Dec-2017 12:53:57.992 INFO [main] org.apache.catalina.startup.VersionLoggerListener.log Java Home:             /usr/lib/jvm/java-7-openjdk-amd64/jre
07-Dec-2017 12:53:57.993 INFO [main] org.apache.catalina.startup.VersionLoggerListener.log JVM Version:           1.7.0_151-b01
07-Dec-2017 12:53:57.993 INFO [main] org.apache.catalina.startup.VersionLoggerListener.log JVM Vendor:            Oracle Corporation
07-Dec-2017 12:53:57.993 INFO [main] org.apache.catalina.startup.VersionLoggerListener.log CATALINA_BASE:         /var/www/html/ms/webservice/apache-tomcat-8.5.24
07-Dec-2017 12:53:57.993 INFO [main] org.apache.catalina.startup.VersionLoggerListener.log CATALINA_HOME:         /var/www/html/ms/webservice/apache-tomcat-8.5.24
07-Dec-2017 12:53:57.994 INFO [main] org.apache.catalina.startup.VersionLoggerListener.log Command line argument: -Djava.util.logging.config.file=/var/www/html/ms/webservice/apache-tomcat-8.5.24/conf/logging.properties
07-Dec-2017 12:53:57.994 INFO [main] org.apache.catalina.startup.VersionLoggerListener.log Command line argument: -Djava.util.logging.manager=org.apache.juli.ClassLoaderLogManager
07-Dec-2017 12:53:57.995 INFO [main] org.apache.catalina.startup.VersionLoggerListener.log Command line argument: -Djdk.tls.ephemeralDHKeySize=2048
07-Dec-2017 12:53:57.995 INFO [main] org.apache.catalina.startup.VersionLoggerListener.log Command line argument: -Djava.protocol.handler.pkgs=org.apache.catalina.webresources
07-Dec-2017 12:53:57.995 INFO [main] org.apache.catalina.startup.VersionLoggerListener.log Command line argument: -Dignore.endorsed.dirs=
07-Dec-2017 12:53:57.995 INFO [main] org.apache.catalina.startup.VersionLoggerListener.log Command line argument: -Dcatalina.base=/var/www/html/ms/webservice/apache-tomcat-8.5.24
07-Dec-2017 12:53:57.996 INFO [main] org.apache.catalina.startup.VersionLoggerListener.log Command line argument: -Dcatalina.home=/var/www/html/ms/webservice/apache-tomcat-8.5.24
07-Dec-2017 12:53:57.996 INFO [main] org.apache.catalina.startup.VersionLoggerListener.log Command line argument: -Djava.io.tmpdir=/var/www/html/ms/webservice/apache-tomcat-8.5.24/temp
07-Dec-2017 12:53:57.996 INFO [main] org.apache.catalina.core.AprLifecycleListener.lifecycleEvent The APR based Apache Tomcat Native library which allows optimal performance in production environments was not found on the java.library.path: [/usr/java/packages/lib/amd64:/usr/lib/x86_64-linux-gnu/jni:/lib/x86_64-linux-gnu:/usr/lib/x86_64-linux-gnu:/usr/lib/jni:/lib:/usr/lib]
07-Dec-2017 12:53:58.344 INFO [main] org.apache.coyote.AbstractProtocol.init Initializing ProtocolHandler ["http-nio-2831"]
07-Dec-2017 12:53:58.456 INFO [main] org.apache.tomcat.util.net.NioSelectorPool.getSharedSelector Using a shared selector for servlet write/read
07-Dec-2017 12:53:58.518 INFO [main] org.apache.coyote.AbstractProtocol.init Initializing ProtocolHandler ["ajp-nio-8009"]
07-Dec-2017 12:53:58.530 INFO [main] org.apache.tomcat.util.net.NioSelectorPool.getSharedSelector Using a shared selector for servlet write/read
07-Dec-2017 12:53:58.543 INFO [main] org.apache.catalina.startup.Catalina.load Initialization processed in 2909 ms
07-Dec-2017 12:53:58.700 INFO [main] org.apache.catalina.core.StandardService.startInternal Starting service [Catalina]
07-Dec-2017 12:53:58.701 INFO [main] org.apache.catalina.core.StandardEngine.startInternal Starting Servlet Engine: Apache Tomcat/8.5.24
07-Dec-2017 12:53:58.720 INFO [localhost-startStop-1] org.apache.catalina.startup.HostConfig.deployDirectory Deploying web application directory [/var/www/html/ms/webservice/apache-tomcat-8.5.24/webapps/host-manager]
07-Dec-2017 12:54:01.876 INFO [localhost-startStop-1] org.apache.jasper.servlet.TldScanner.scanJars At least one JAR was scanned for TLDs yet contained no TLDs. Enable debug logging for this logger for a complete list of JARs that were scanned but no TLDs were found in them. Skipping unneeded JARs during scanning can improve startup time and JSP compilation time.
07-Dec-2017 12:54:02.073 INFO [localhost-startStop-1] org.apache.catalina.startup.HostConfig.deployDirectory Deployment of web application directory [/var/www/html/ms/webservice/apache-tomcat-8.5.24/webapps/host-manager] has finished in [3,349] ms
07-Dec-2017 12:54:02.076 INFO [localhost-startStop-1] org.apache.catalina.startup.HostConfig.deployDirectory Deploying web application directory [/var/www/html/ms/webservice/apache-tomcat-8.5.24/webapps/examples]
07-Dec-2017 12:54:03.602 INFO [localhost-startStop-1] org.apache.jasper.servlet.TldScanner.scanJars At least one JAR was scanned for TLDs yet contained no TLDs. Enable debug logging for this logger for a complete list of JARs that were scanned but no TLDs were found in them. Skipping unneeded JARs during scanning can improve startup time and JSP compilation time.
07-Dec-2017 12:54:03.854 INFO [localhost-startStop-1] org.apache.catalina.startup.HostConfig.deployDirectory Deployment of web application directory [/var/www/html/ms/webservice/apache-tomcat-8.5.24/webapps/examples] has finished in [1,778] ms
07-Dec-2017 12:54:03.861 INFO [localhost-startStop-1] org.apache.catalina.startup.HostConfig.deployDirectory Deploying web application directory [/var/www/html/ms/webservice/apache-tomcat-8.5.24/webapps/ROOT]
07-Dec-2017 12:54:04.314 INFO [localhost-startStop-1] org.apache.jasper.servlet.TldScanner.scanJars At least one JAR was scanned for TLDs yet contained no TLDs. Enable debug logging for this logger for a complete list of JARs that were scanned but no TLDs were found in them. Skipping unneeded JARs during scanning can improve startup time and JSP compilation time.
07-Dec-2017 12:54:04.349 INFO [localhost-startStop-1] org.apache.catalina.startup.HostConfig.deployDirectory Deployment of web application directory [/var/www/html/ms/webservice/apache-tomcat-8.5.24/webapps/ROOT] has finished in [488] ms
07-Dec-2017 12:54:04.350 INFO [localhost-startStop-1] org.apache.catalina.startup.HostConfig.deployDirectory Deploying web application directory [/var/www/html/ms/webservice/apache-tomcat-8.5.24/webapps/docs]
07-Dec-2017 12:54:04.928 INFO [localhost-startStop-1] org.apache.jasper.servlet.TldScanner.scanJars At least one JAR was scanned for TLDs yet contained no TLDs. Enable debug logging for this logger for a complete list of JARs that were scanned but no TLDs were found in them. Skipping unneeded JARs during scanning can improve startup time and JSP compilation time.
07-Dec-2017 12:54:04.934 INFO [localhost-startStop-1] org.apache.catalina.startup.HostConfig.deployDirectory Deployment of web application directory [/var/www/html/ms/webservice/apache-tomcat-8.5.24/webapps/docs] has finished in [584] ms
07-Dec-2017 12:54:04.934 INFO [localhost-startStop-1] org.apache.catalina.startup.HostConfig.deployDirectory Deploying web application directory [/var/www/html/ms/webservice/apache-tomcat-8.5.24/webapps/manager]
07-Dec-2017 12:54:05.254 INFO [localhost-startStop-1] org.apache.jasper.servlet.TldScanner.scanJars At least one JAR was scanned for TLDs yet contained no TLDs. Enable debug logging for this logger for a complete list of JARs that were scanned but no TLDs were found in them. Skipping unneeded JARs during scanning can improve startup time and JSP compilation time.
07-Dec-2017 12:54:05.266 INFO [localhost-startStop-1] org.apache.catalina.startup.HostConfig.deployDirectory Deployment of web application directory [/var/www/html/ms/webservice/apache-tomcat-8.5.24/webapps/manager] has finished in [332] ms
07-Dec-2017 12:54:05.279 INFO [main] org.apache.coyote.AbstractProtocol.start Starting ProtocolHandler ["http-nio-2831"]
07-Dec-2017 12:54:05.330 INFO [main] org.apache.coyote.AbstractProtocol.start Starting ProtocolHandler ["ajp-nio-8009"]
07-Dec-2017 12:54:05.356 INFO [main] org.apache.catalina.startup.Catalina.start Server startup in 6812 ms
