20-Dec-2017 12:04:36.753 INFO [http-nio-2831-exec-10] org.apache.coyote.http11.Http11Processor.service Error parsing HTTP request header
 Note: further occurrences of HTTP header parsing errors will be logged at DEBUG level.
 java.lang.IllegalArgumentException: Invalid character found in method name. HTTP method names must be tokens
	at org.apache.coyote.http11.Http11InputBuffer.parseRequestLine(Http11InputBuffer.java:426)
	at org.apache.coyote.http11.Http11Processor.service(Http11Processor.java:687)
	at org.apache.coyote.AbstractProcessorLight.process(AbstractProcessorLight.java:66)
	at org.apache.coyote.AbstractProtocol$ConnectionHandler.process(AbstractProtocol.java:790)
	at org.apache.tomcat.util.net.NioEndpoint$SocketProcessor.doRun(NioEndpoint.java:1459)
	at org.apache.tomcat.util.net.SocketProcessorBase.run(SocketProcessorBase.java:49)
	at java.util.concurrent.ThreadPoolExecutor.runWorker(ThreadPoolExecutor.java:1152)
	at java.util.concurrent.ThreadPoolExecutor$Worker.run(ThreadPoolExecutor.java:622)
	at org.apache.tomcat.util.threads.TaskThread$WrappingRunnable.run(TaskThread.java:61)
	at java.lang.Thread.run(Thread.java:748)

20-Dec-2017 14:31:12.870 INFO [main] org.apache.catalina.core.StandardServer.await A valid shutdown command was received via the shutdown port. Stopping the Server instance.
20-Dec-2017 14:31:12.876 INFO [main] org.apache.coyote.AbstractProtocol.pause Pausing ProtocolHandler ["http-nio-2831"]
20-Dec-2017 14:31:12.887 INFO [main] org.apache.coyote.AbstractProtocol.pause Pausing ProtocolHandler ["ajp-nio-8009"]
20-Dec-2017 14:31:12.941 INFO [main] org.apache.catalina.core.StandardService.stopInternal Stopping service [Catalina]
20-Dec-2017 14:31:13.127 WARNING [localhost-startStop-2] org.apache.catalina.loader.WebappClassLoaderBase.clearReferencesJdbc The web application [ROOT] registered the JDBC driver [com.mysql.jdbc.Driver] but failed to unregister it when the web application was stopped. To prevent a memory leak, the JDBC Driver has been forcibly unregistered.
20-Dec-2017 14:31:13.130 WARNING [localhost-startStop-2] org.apache.catalina.loader.WebappClassLoaderBase.clearReferencesThreads The web application [ROOT] appears to have started a thread named [Abandoned connection cleanup thread] but has failed to stop it. This is very likely to create a memory leak. Stack trace of thread:
 java.lang.Object.wait(Native Method)
 java.lang.ref.ReferenceQueue.remove(ReferenceQueue.java:135)
 com.mysql.jdbc.AbandonedConnectionCleanupThread.run(AbandonedConnectionCleanupThread.java:64)
 java.util.concurrent.ThreadPoolExecutor.runWorker(ThreadPoolExecutor.java:1152)
 java.util.concurrent.ThreadPoolExecutor$Worker.run(ThreadPoolExecutor.java:622)
 java.lang.Thread.run(Thread.java:748)
20-Dec-2017 14:31:13.289 INFO [main] org.apache.coyote.AbstractProtocol.stop Stopping ProtocolHandler ["http-nio-2831"]
20-Dec-2017 14:31:13.319 INFO [main] org.apache.coyote.AbstractProtocol.stop Stopping ProtocolHandler ["ajp-nio-8009"]
20-Dec-2017 14:31:13.379 INFO [main] org.apache.coyote.AbstractProtocol.destroy Destroying ProtocolHandler ["http-nio-2831"]
20-Dec-2017 14:31:13.383 INFO [main] org.apache.coyote.AbstractProtocol.destroy Destroying ProtocolHandler ["ajp-nio-8009"]
20-Dec-2017 14:31:29.041 INFO [main] org.apache.catalina.startup.VersionLoggerListener.log Server version:        Apache Tomcat/8.5.24
20-Dec-2017 14:31:29.045 INFO [main] org.apache.catalina.startup.VersionLoggerListener.log Server built:          Nov 27 2017 13:05:30 UTC
20-Dec-2017 14:31:29.045 INFO [main] org.apache.catalina.startup.VersionLoggerListener.log Server number:         8.5.24.0
20-Dec-2017 14:31:29.045 INFO [main] org.apache.catalina.startup.VersionLoggerListener.log OS Name:               Linux
20-Dec-2017 14:31:29.046 INFO [main] org.apache.catalina.startup.VersionLoggerListener.log OS Version:            4.4.0-31-generic
20-Dec-2017 14:31:29.046 INFO [main] org.apache.catalina.startup.VersionLoggerListener.log Architecture:          amd64
20-Dec-2017 14:31:29.046 INFO [main] org.apache.catalina.startup.VersionLoggerListener.log Java Home:             /usr/lib/jvm/java-7-openjdk-amd64/jre
20-Dec-2017 14:31:29.047 INFO [main] org.apache.catalina.startup.VersionLoggerListener.log JVM Version:           1.7.0_151-b01
20-Dec-2017 14:31:29.047 INFO [main] org.apache.catalina.startup.VersionLoggerListener.log JVM Vendor:            Oracle Corporation
20-Dec-2017 14:31:29.047 INFO [main] org.apache.catalina.startup.VersionLoggerListener.log CATALINA_BASE:         /var/www/html/ms/webservice/apache-tomcat-8.5.24
20-Dec-2017 14:31:29.047 INFO [main] org.apache.catalina.startup.VersionLoggerListener.log CATALINA_HOME:         /var/www/html/ms/webservice/apache-tomcat-8.5.24
20-Dec-2017 14:31:29.048 INFO [main] org.apache.catalina.startup.VersionLoggerListener.log Command line argument: -Djava.util.logging.config.file=/var/www/html/ms/webservice/apache-tomcat-8.5.24/conf/logging.properties
20-Dec-2017 14:31:29.052 INFO [main] org.apache.catalina.startup.VersionLoggerListener.log Command line argument: -Djava.util.logging.manager=org.apache.juli.ClassLoaderLogManager
20-Dec-2017 14:31:29.052 INFO [main] org.apache.catalina.startup.VersionLoggerListener.log Command line argument: -Djdk.tls.ephemeralDHKeySize=2048
20-Dec-2017 14:31:29.053 INFO [main] org.apache.catalina.startup.VersionLoggerListener.log Command line argument: -Djava.protocol.handler.pkgs=org.apache.catalina.webresources
20-Dec-2017 14:31:29.053 INFO [main] org.apache.catalina.startup.VersionLoggerListener.log Command line argument: -Dignore.endorsed.dirs=
20-Dec-2017 14:31:29.053 INFO [main] org.apache.catalina.startup.VersionLoggerListener.log Command line argument: -Dcatalina.base=/var/www/html/ms/webservice/apache-tomcat-8.5.24
20-Dec-2017 14:31:29.053 INFO [main] org.apache.catalina.startup.VersionLoggerListener.log Command line argument: -Dcatalina.home=/var/www/html/ms/webservice/apache-tomcat-8.5.24
20-Dec-2017 14:31:29.054 INFO [main] org.apache.catalina.startup.VersionLoggerListener.log Command line argument: -Djava.io.tmpdir=/var/www/html/ms/webservice/apache-tomcat-8.5.24/temp
20-Dec-2017 14:31:29.054 INFO [main] org.apache.catalina.core.AprLifecycleListener.lifecycleEvent The APR based Apache Tomcat Native library which allows optimal performance in production environments was not found on the java.library.path: [/usr/java/packages/lib/amd64:/usr/lib/x86_64-linux-gnu/jni:/lib/x86_64-linux-gnu:/usr/lib/x86_64-linux-gnu:/usr/lib/jni:/lib:/usr/lib]
20-Dec-2017 14:31:29.657 INFO [main] org.apache.coyote.AbstractProtocol.init Initializing ProtocolHandler ["http-nio-2831"]
20-Dec-2017 14:31:29.768 INFO [main] org.apache.tomcat.util.net.NioSelectorPool.getSharedSelector Using a shared selector for servlet write/read
20-Dec-2017 14:31:29.806 INFO [main] org.apache.coyote.AbstractProtocol.init Initializing ProtocolHandler ["ajp-nio-8009"]
20-Dec-2017 14:31:29.825 INFO [main] org.apache.tomcat.util.net.NioSelectorPool.getSharedSelector Using a shared selector for servlet write/read
20-Dec-2017 14:31:29.830 INFO [main] org.apache.catalina.startup.Catalina.load Initialization processed in 2938 ms
20-Dec-2017 14:31:29.943 INFO [main] org.apache.catalina.core.StandardService.startInternal Starting service [Catalina]
20-Dec-2017 14:31:29.943 INFO [main] org.apache.catalina.core.StandardEngine.startInternal Starting Servlet Engine: Apache Tomcat/8.5.24
20-Dec-2017 14:31:29.965 INFO [localhost-startStop-1] org.apache.catalina.startup.HostConfig.deployDirectory Deploying web application directory [/var/www/html/ms/webservice/apache-tomcat-8.5.24/webapps/host-manager]
20-Dec-2017 14:31:32.514 INFO [localhost-startStop-1] org.apache.jasper.servlet.TldScanner.scanJars At least one JAR was scanned for TLDs yet contained no TLDs. Enable debug logging for this logger for a complete list of JARs that were scanned but no TLDs were found in them. Skipping unneeded JARs during scanning can improve startup time and JSP compilation time.
20-Dec-2017 14:31:32.738 INFO [localhost-startStop-1] org.apache.catalina.startup.HostConfig.deployDirectory Deployment of web application directory [/var/www/html/ms/webservice/apache-tomcat-8.5.24/webapps/host-manager] has finished in [2,767] ms
20-Dec-2017 14:31:32.739 INFO [localhost-startStop-1] org.apache.catalina.startup.HostConfig.deployDirectory Deploying web application directory [/var/www/html/ms/webservice/apache-tomcat-8.5.24/webapps/examples]
20-Dec-2017 14:31:34.271 INFO [localhost-startStop-1] org.apache.jasper.servlet.TldScanner.scanJars At least one JAR was scanned for TLDs yet contained no TLDs. Enable debug logging for this logger for a complete list of JARs that were scanned but no TLDs were found in them. Skipping unneeded JARs during scanning can improve startup time and JSP compilation time.
20-Dec-2017 14:31:34.494 INFO [localhost-startStop-1] org.apache.catalina.startup.HostConfig.deployDirectory Deployment of web application directory [/var/www/html/ms/webservice/apache-tomcat-8.5.24/webapps/examples] has finished in [1,755] ms
20-Dec-2017 14:31:34.495 INFO [localhost-startStop-1] org.apache.catalina.startup.HostConfig.deployDirectory Deploying web application directory [/var/www/html/ms/webservice/apache-tomcat-8.5.24/webapps/ROOT]
20-Dec-2017 14:31:35.094 INFO [localhost-startStop-1] org.apache.jasper.servlet.TldScanner.scanJars At least one JAR was scanned for TLDs yet contained no TLDs. Enable debug logging for this logger for a complete list of JARs that were scanned but no TLDs were found in them. Skipping unneeded JARs during scanning can improve startup time and JSP compilation time.
20-Dec-2017 14:31:35.098 INFO [localhost-startStop-1] org.apache.catalina.startup.HostConfig.deployDirectory Deployment of web application directory [/var/www/html/ms/webservice/apache-tomcat-8.5.24/webapps/ROOT] has finished in [603] ms
20-Dec-2017 14:31:35.098 INFO [localhost-startStop-1] org.apache.catalina.startup.HostConfig.deployDirectory Deploying web application directory [/var/www/html/ms/webservice/apache-tomcat-8.5.24/webapps/docs]
20-Dec-2017 14:31:35.634 INFO [localhost-startStop-1] org.apache.jasper.servlet.TldScanner.scanJars At least one JAR was scanned for TLDs yet contained no TLDs. Enable debug logging for this logger for a complete list of JARs that were scanned but no TLDs were found in them. Skipping unneeded JARs during scanning can improve startup time and JSP compilation time.
20-Dec-2017 14:31:35.640 INFO [localhost-startStop-1] org.apache.catalina.startup.HostConfig.deployDirectory Deployment of web application directory [/var/www/html/ms/webservice/apache-tomcat-8.5.24/webapps/docs] has finished in [542] ms
20-Dec-2017 14:31:35.641 INFO [localhost-startStop-1] org.apache.catalina.startup.HostConfig.deployDirectory Deploying web application directory [/var/www/html/ms/webservice/apache-tomcat-8.5.24/webapps/manager]
20-Dec-2017 14:31:35.962 INFO [localhost-startStop-1] org.apache.jasper.servlet.TldScanner.scanJars At least one JAR was scanned for TLDs yet contained no TLDs. Enable debug logging for this logger for a complete list of JARs that were scanned but no TLDs were found in them. Skipping unneeded JARs during scanning can improve startup time and JSP compilation time.
20-Dec-2017 14:31:35.969 INFO [localhost-startStop-1] org.apache.catalina.startup.HostConfig.deployDirectory Deployment of web application directory [/var/www/html/ms/webservice/apache-tomcat-8.5.24/webapps/manager] has finished in [328] ms
20-Dec-2017 14:31:35.982 INFO [main] org.apache.coyote.AbstractProtocol.start Starting ProtocolHandler ["http-nio-2831"]
20-Dec-2017 14:31:36.030 INFO [main] org.apache.coyote.AbstractProtocol.start Starting ProtocolHandler ["ajp-nio-8009"]
20-Dec-2017 14:31:36.046 INFO [main] org.apache.catalina.startup.Catalina.start Server startup in 6215 ms
