12-Feb-2018 19:03:43.717 INFO [main] org.apache.catalina.startup.VersionLoggerListener.log Server version:        Apache Tomcat/8.5.24
12-Feb-2018 19:03:43.760 INFO [main] org.apache.catalina.startup.VersionLoggerListener.log Server built:          Nov 27 2017 13:05:30 UTC
12-Feb-2018 19:03:43.760 INFO [main] org.apache.catalina.startup.VersionLoggerListener.log Server number:         8.5.24.0
12-Feb-2018 19:03:43.761 INFO [main] org.apache.catalina.startup.VersionLoggerListener.log OS Name:               Linux
12-Feb-2018 19:03:43.761 INFO [main] org.apache.catalina.startup.VersionLoggerListener.log OS Version:            4.4.0-31-generic
12-Feb-2018 19:03:43.762 INFO [main] org.apache.catalina.startup.VersionLoggerListener.log Architecture:          amd64
12-Feb-2018 19:03:43.763 INFO [main] org.apache.catalina.startup.VersionLoggerListener.log Java Home:             /usr/lib/jvm/java-7-openjdk-amd64/jre
12-Feb-2018 19:03:43.763 INFO [main] org.apache.catalina.startup.VersionLoggerListener.log JVM Version:           1.7.0_151-b01
12-Feb-2018 19:03:43.764 INFO [main] org.apache.catalina.startup.VersionLoggerListener.log JVM Vendor:            Oracle Corporation
12-Feb-2018 19:03:43.764 INFO [main] org.apache.catalina.startup.VersionLoggerListener.log CATALINA_BASE:         /var/www/html/ms/webservice/apache-tomcat-8.5.24
12-Feb-2018 19:03:43.765 INFO [main] org.apache.catalina.startup.VersionLoggerListener.log CATALINA_HOME:         /var/www/html/ms/webservice/apache-tomcat-8.5.24
12-Feb-2018 19:03:43.766 INFO [main] org.apache.catalina.startup.VersionLoggerListener.log Command line argument: -Djava.util.logging.config.file=/var/www/html/ms/webservice/apache-tomcat-8.5.24/conf/logging.properties
12-Feb-2018 19:03:43.767 INFO [main] org.apache.catalina.startup.VersionLoggerListener.log Command line argument: -Djava.util.logging.manager=org.apache.juli.ClassLoaderLogManager
12-Feb-2018 19:03:43.768 INFO [main] org.apache.catalina.startup.VersionLoggerListener.log Command line argument: -Djdk.tls.ephemeralDHKeySize=2048
12-Feb-2018 19:03:43.768 INFO [main] org.apache.catalina.startup.VersionLoggerListener.log Command line argument: -Djava.protocol.handler.pkgs=org.apache.catalina.webresources
12-Feb-2018 19:03:43.769 INFO [main] org.apache.catalina.startup.VersionLoggerListener.log Command line argument: -Dignore.endorsed.dirs=
12-Feb-2018 19:03:43.769 INFO [main] org.apache.catalina.startup.VersionLoggerListener.log Command line argument: -Dcatalina.base=/var/www/html/ms/webservice/apache-tomcat-8.5.24
12-Feb-2018 19:03:43.770 INFO [main] org.apache.catalina.startup.VersionLoggerListener.log Command line argument: -Dcatalina.home=/var/www/html/ms/webservice/apache-tomcat-8.5.24
12-Feb-2018 19:03:43.770 INFO [main] org.apache.catalina.startup.VersionLoggerListener.log Command line argument: -Djava.io.tmpdir=/var/www/html/ms/webservice/apache-tomcat-8.5.24/temp
12-Feb-2018 19:03:43.771 INFO [main] org.apache.catalina.core.AprLifecycleListener.lifecycleEvent The APR based Apache Tomcat Native library which allows optimal performance in production environments was not found on the java.library.path: [/usr/java/packages/lib/amd64:/usr/lib/x86_64-linux-gnu/jni:/lib/x86_64-linux-gnu:/usr/lib/x86_64-linux-gnu:/usr/lib/jni:/lib:/usr/lib]
12-Feb-2018 19:03:44.436 INFO [main] org.apache.coyote.AbstractProtocol.init Initializing ProtocolHandler ["http-nio-2831"]
12-Feb-2018 19:03:44.497 INFO [main] org.apache.tomcat.util.net.NioSelectorPool.getSharedSelector Using a shared selector for servlet write/read
12-Feb-2018 19:03:44.563 INFO [main] org.apache.coyote.AbstractProtocol.init Initializing ProtocolHandler ["ajp-nio-8009"]
12-Feb-2018 19:03:44.596 INFO [main] org.apache.tomcat.util.net.NioSelectorPool.getSharedSelector Using a shared selector for servlet write/read
12-Feb-2018 19:03:44.604 INFO [main] org.apache.catalina.startup.Catalina.load Initialization processed in 3210 ms
12-Feb-2018 19:03:44.802 INFO [main] org.apache.catalina.core.StandardService.startInternal Starting service [Catalina]
12-Feb-2018 19:03:44.803 INFO [main] org.apache.catalina.core.StandardEngine.startInternal Starting Servlet Engine: Apache Tomcat/8.5.24
12-Feb-2018 19:03:44.864 INFO [localhost-startStop-1] org.apache.catalina.startup.HostConfig.deployDirectory Deploying web application directory [/var/www/html/ms/webservice/apache-tomcat-8.5.24/webapps/host-manager]
12-Feb-2018 19:03:46.721 INFO [localhost-startStop-1] org.apache.jasper.servlet.TldScanner.scanJars At least one JAR was scanned for TLDs yet contained no TLDs. Enable debug logging for this logger for a complete list of JARs that were scanned but no TLDs were found in them. Skipping unneeded JARs during scanning can improve startup time and JSP compilation time.
12-Feb-2018 19:03:47.021 INFO [localhost-startStop-1] org.apache.catalina.startup.HostConfig.deployDirectory Deployment of web application directory [/var/www/html/ms/webservice/apache-tomcat-8.5.24/webapps/host-manager] has finished in [2,151] ms
12-Feb-2018 19:03:47.021 INFO [localhost-startStop-1] org.apache.catalina.startup.HostConfig.deployDirectory Deploying web application directory [/var/www/html/ms/webservice/apache-tomcat-8.5.24/webapps/examples]
12-Feb-2018 19:03:48.487 INFO [localhost-startStop-1] org.apache.jasper.servlet.TldScanner.scanJars At least one JAR was scanned for TLDs yet contained no TLDs. Enable debug logging for this logger for a complete list of JARs that were scanned but no TLDs were found in them. Skipping unneeded JARs during scanning can improve startup time and JSP compilation time.
12-Feb-2018 19:03:48.614 INFO [localhost-startStop-1] org.apache.catalina.startup.HostConfig.deployDirectory Deployment of web application directory [/var/www/html/ms/webservice/apache-tomcat-8.5.24/webapps/examples] has finished in [1,593] ms
12-Feb-2018 19:03:48.617 INFO [localhost-startStop-1] org.apache.catalina.startup.HostConfig.deployDirectory Deploying web application directory [/var/www/html/ms/webservice/apache-tomcat-8.5.24/webapps/ROOT]
12-Feb-2018 19:03:49.138 INFO [localhost-startStop-1] org.apache.jasper.servlet.TldScanner.scanJars At least one JAR was scanned for TLDs yet contained no TLDs. Enable debug logging for this logger for a complete list of JARs that were scanned but no TLDs were found in them. Skipping unneeded JARs during scanning can improve startup time and JSP compilation time.
12-Feb-2018 19:03:49.141 INFO [localhost-startStop-1] org.apache.catalina.startup.HostConfig.deployDirectory Deployment of web application directory [/var/www/html/ms/webservice/apache-tomcat-8.5.24/webapps/ROOT] has finished in [524] ms
12-Feb-2018 19:03:49.141 INFO [localhost-startStop-1] org.apache.catalina.startup.HostConfig.deployDirectory Deploying web application directory [/var/www/html/ms/webservice/apache-tomcat-8.5.24/webapps/docs]
12-Feb-2018 19:03:49.548 INFO [localhost-startStop-1] org.apache.jasper.servlet.TldScanner.scanJars At least one JAR was scanned for TLDs yet contained no TLDs. Enable debug logging for this logger for a complete list of JARs that were scanned but no TLDs were found in them. Skipping unneeded JARs during scanning can improve startup time and JSP compilation time.
12-Feb-2018 19:03:49.552 INFO [localhost-startStop-1] org.apache.catalina.startup.HostConfig.deployDirectory Deployment of web application directory [/var/www/html/ms/webservice/apache-tomcat-8.5.24/webapps/docs] has finished in [410] ms
12-Feb-2018 19:03:49.552 INFO [localhost-startStop-1] org.apache.catalina.startup.HostConfig.deployDirectory Deploying web application directory [/var/www/html/ms/webservice/apache-tomcat-8.5.24/webapps/manager]
12-Feb-2018 19:03:49.842 INFO [localhost-startStop-1] org.apache.jasper.servlet.TldScanner.scanJars At least one JAR was scanned for TLDs yet contained no TLDs. Enable debug logging for this logger for a complete list of JARs that were scanned but no TLDs were found in them. Skipping unneeded JARs during scanning can improve startup time and JSP compilation time.
12-Feb-2018 19:03:49.851 INFO [localhost-startStop-1] org.apache.catalina.startup.HostConfig.deployDirectory Deployment of web application directory [/var/www/html/ms/webservice/apache-tomcat-8.5.24/webapps/manager] has finished in [299] ms
12-Feb-2018 19:03:49.861 INFO [main] org.apache.coyote.AbstractProtocol.start Starting ProtocolHandler ["http-nio-2831"]
12-Feb-2018 19:03:49.904 INFO [main] org.apache.coyote.AbstractProtocol.start Starting ProtocolHandler ["ajp-nio-8009"]
12-Feb-2018 19:03:49.936 INFO [main] org.apache.catalina.startup.Catalina.start Server startup in 5331 ms
